0 verbose cli C:\Program Files\nodejs\node.exe C:\Program Files\nodejs\node_modules\npm\bin\npm-cli.js
1 info using npm@11.12.1
2 info using node@v24.15.0
3 silly config load:file:C:\ProgramData\nvm\v24.15.0\node_modules\npm\npmrc
4 silly config load:file:E:\Development\repository\TradeOps\kapo-prototype\.npmrc
5 silly config load:file:C:\Users\mart_\.npmrc
6 silly config load:file:C:\Program Files\nodejs\etc\npmrc
7 verbose title npm show py-clob-client
8 verbose argv "show" "py-clob-client"
9 verbose logfile logs-max:10 dir:E:\Development\repository\TradeOps\kapo-prototype\npm-cache\_logs\2026-04-28T08_44_53_426Z-
10 verbose logfile E:\Development\repository\TradeOps\kapo-prototype\npm-cache\_logs\2026-04-28T08_44_53_426Z-debug-0.log
11 silly logfile done cleaning log files
12 http fetch GET 404 https://registry.npmjs.org/py-clob-client 771ms (cache skip)
13 verbose stack HttpErrorGeneral: 404 Not Found - GET https://registry.npmjs.org/py-clob-client - Not found
13 verbose stack     at C:\ProgramData\nvm\v24.15.0\node_modules\npm\node_modules\npm-registry-fetch\lib\check-response.js:103:15
13 verbose stack     at process.processTicksAndRejections (node:internal/process/task_queues:104:5)
13 verbose stack     at async RegistryFetcher.packument (C:\ProgramData\nvm\v24.15.0\node_modules\npm\node_modules\pacote\lib\registry.js:90:19)
13 verbose stack     at async #getData (C:\ProgramData\nvm\v24.15.0\node_modules\npm\lib\commands\view.js:133:20)
13 verbose stack     at async #viewPackage (C:\ProgramData\nvm\v24.15.0\node_modules\npm\lib\commands\view.js:110:28)
13 verbose stack     at async View.exec (C:\ProgramData\nvm\v24.15.0\node_modules\npm\lib\commands\view.js:69:5)
13 verbose stack     at async Npm.exec (C:\ProgramData\nvm\v24.15.0\node_modules\npm\lib\npm.js:193:9)
13 verbose stack     at async module.exports (C:\ProgramData\nvm\v24.15.0\node_modules\npm\lib\cli\entry.js:67:5)
14 verbose statusCode 404
15 verbose pkgid py-clob-client@*
16 error code E404
17 error 404 Not Found - GET https://registry.npmjs.org/py-clob-client - Not found
18 error 404
19 error 404  The requested resource 'py-clob-client@*' could not be found or you do not have permission to access it.
20 error 404
21 error 404 Note that you can also install from a
22 error 404 tarball, folder, http url, or git url.
23 verbose cwd E:\Development\repository\TradeOps\kapo-prototype
24 verbose os Windows_NT 10.0.26200
25 verbose node v24.15.0
26 verbose npm  v11.12.1
27 verbose exit 1
28 verbose code 1
29 error A complete log of this run can be found in: E:\Development\repository\TradeOps\kapo-prototype\npm-cache\_logs\2026-04-28T08_44_53_426Z-debug-0.log
